US
DE
TR
TR
IT
TR
US
NO
US
CN
US
CZ
ES
GB
GR
GR
HK
AT
US
US
US
US
BE
HK
US
US
US
US
US
DE
DE
US
US
SE
RU
US
US
US
BE
US
CA
US
AT
AT
AT
AT
US
US
US
US
US
US
US
US
US
DE
DE
NL
SG
SG
SG
SG
SG
US
US
US
US
US
US
US
US
US
US
US
US
CN
US
RU
NL
GB
GB
GB
GB
GB
GB
GB
GB
GB
HU
HK
US
DE
US
US
US
US
US
US
TR
CA
US
US
AT
US
US
SG
US
US
US
US
US
NL
US
US
US
US
US
US
US
SG
VN
CN
NO
CA
US
US
KR
TR
TR
TR
US
DE
SG
SG
SG
SG
SG
SG
SG
SG
SG
TR
TN
US
IN
TR
TR
US
TR
TR
TR
GB
US
US
TR
SK
TR
IT
AT
GR
TR
TR
IN
TR
IN
IN
CA
TR
CZ
AT
TR
GR
TR
IT
KR
US
SK
CN
TR
GB
DE
TR
US
TR
GR
TR
TR
KR
GR
RU
GR
TR
GR
US
GR
AT
MA
